<?xml version="1.0" encoding="UTF-8"?>
<testsuite xmlns:xsi="http://www.w3.org/2001/XMLSchema-instance" xsi:noNamespaceSchemaLocation="https://maven.apache.org/surefire/maven-surefire-plugin/xsd/surefire-test-report.xsd" name="cdg.releve.application.rest.service.QualificationReleveDeCompteTest" time="0.802" tests="2" errors="0" skipped="0" failures="0">
  <properties>
[...]
</properties>
  <testcase name="qualifierNatureOp" classname="cdg.releve.application.rest.service.QualificationReleveDeCompteTest" time="0.437"/>
  <testcase name="testingFiltrage" classname="cdg.releve.application.rest.service.QualificationReleveDeCompteTest" time="0.135"/>
</testsuite>