# JRE version: Java(TM) SE Runtime Environment (8.0_144-b01) (build 1.8.0_144-b01)
# Java VM: Java HotSpot(TM) 64-Bit Server VM (25.144-b01 mixed mode windows-amd64 compressed oops)
Heap:
 PSYoungGen      total 104448K, used 71347K [0x00000000e0580000, 0x00000000ed180000, 0x0000000100000000)
  eden space 97792K, 72% used [0x00000000e0580000,0x00000000e4b2ceb0,0x00000000e6500000)
  from space 6656K, 0% used [0x00000000e6500000,0x00000000e6500000,0x00000000e6b80000)
  to   space 6656K, 0% used [0x00000000ecb00000,0x00000000ecb00000,0x00000000ed180000)
 ParOldGen       total 40960K, used 7765K [0x00000000a1000000, 0x00000000a3800000, 0x00000000e0580000)
  object space 40960K, 18% used [0x00000000a1000000,0x00000000a1795418,0x00000000a3800000)
 Metaspace       used 25901K, capacity 27154K, committed 27264K, reserved 1073152K
  class space    used 3419K, capacity 3690K, committed 3712K, reserved 1048576K
GC Heap History (10 events):
Event: 4.466 GC heap before
{Heap before GC invocations=4 (full 0):
 PSYoungGen      total 28672K, used 28647K [0x00000000e0580000, 0x00000000e3d80000, 0x0000000100000000)
  eden space 24576K, 100% used [0x00000000e0580000,0x00000000e1d80000,0x00000000e1d80000)
  from space 4096K, 99% used [0x00000000e1d80000,0x00000000e2179f30,0x00000000e2180000)
  to   space 4096K, 0% used [0x00000000e3980000,0x00000000e3980000,0x00000000e3d80000)
 ParOldGen       total 65536K, used 569K [0x00000000a1000000, 0x00000000a5000000, 0x00000000e0580000)
  object space 65536K, 0% used [0x00000000a1000000,0x00000000a108e620,0x00000000a5000000)
 Metaspace       used 13592K, capacity 14528K, committed 14848K, reserved 1062912K
  class space    used 1743K, capacity 1957K, committed 2048K, reserved 1048576K
Event: 4.472 GC heap after
Heap after GC invocations=4 (full 0):
 PSYoungGen      total 53248K, used 4089K [0x00000000e0580000, 0x00000000e3d80000, 0x0000000100000000)
  eden space 49152K, 0% used [0x00000000e0580000,0x00000000e0580000,0x00000000e3580000)
  from space 4096K, 99% used [0x00000000e3980000,0x00000000e3d7e760,0x00000000e3d80000)
  to   space 4096K, 0% used [0x00000000e3580000,0x00000000e3580000,0x00000000e3980000)
 ParOldGen       total 65536K, used 1454K [0x00000000a1000000, 0x00000000a5000000, 0x00000000e0580000)
  object space 65536K, 2% used [0x00000000a1000000,0x00000000a116bbf0,0x00000000a5000000)
 Metaspace       used 13592K, capacity 14528K, committed 14848K, reserved 1062912K
  class space    used 1743K, capacity 1957K, committed 2048K, reserved 1048576K
}
Event: 5.185 GC heap before
{Heap before GC invocations=5 (full 0):
 PSYoungGen      total 53248K, used 53241K [0x00000000e0580000, 0x00000000e3d80000, 0x0000000100000000)
  eden space 49152K, 100% used [0x00000000e0580000,0x00000000e3580000,0x00000000e3580000)
  from space 4096K, 99% used [0x00000000e3980000,0x00000000e3d7e760,0x00000000e3d80000)
  to   space 4096K, 0% used [0x00000000e3580000,0x00000000e3580000,0x00000000e3980000)
 ParOldGen       total 65536K, used 1454K [0x00000000a1000000, 0x00000000a5000000, 0x00000000e0580000)
  object space 65536K, 2% used [0x00000000a1000000,0x00000000a116bbf0,0x00000000a5000000)
 Metaspace       used 15727K, capacity 16654K, committed 16896K, reserved 1064960K
  class space    used 2063K, capacity 2270K, committed 2304K, reserved 1048576K
Event: 5.195 GC heap after
Heap after GC invocations=5 (full 0):
 PSYoungGen      total 53248K, used 4073K [0x00000000e0580000, 0x00000000e7180000, 0x0000000100000000)
  eden space 49152K, 0% used [0x00000000e0580000,0x00000000e0580000,0x00000000e3580000)
  from space 4096K, 99% used [0x00000000e3580000,0x00000000e397a770,0x00000000e3980000)
  to   space 6144K, 0% used [0x00000000e6b80000,0x00000000e6b80000,0x00000000e7180000)
 ParOldGen       total 65536K, used 3024K [0x00000000a1000000, 0x00000000a5000000, 0x00000000e0580000)
  object space 65536K, 4% used [0x00000000a1000000,0x00000000a12f4040,0x00000000a5000000)
 Metaspace       used 15727K, capacity 16654K, committed 16896K, reserved 1064960K
  class space    used 2063K, capacity 2270K, committed 2304K, reserved 1048576K
}
Event: 5.855 GC heap before
{Heap before GC invocations=6 (full 0):
 PSYoungGen      total 53248K, used 53225K [0x00000000e0580000, 0x00000000e7180000, 0x0000000100000000)
  eden space 49152K, 100% used [0x00000000e0580000,0x00000000e3580000,0x00000000e3580000)
  from space 4096K, 99% used [0x00000000e3580000,0x00000000e397a770,0x00000000e3980000)
  to   space 6144K, 0% used [0x00000000e6b80000,0x00000000e6b80000,0x00000000e7180000)
 ParOldGen       total 65536K, used 3024K [0x00000000a1000000, 0x00000000a5000000, 0x00000000e0580000)
  object space 65536K, 4% used [0x00000000a1000000,0x00000000a12f4040,0x00000000a5000000)
 Metaspace       used 17346K, capacity 18384K, committed 18560K, reserved 1064960K
  class space    used 2327K, capacity 2565K, committed 2688K, reserved 1048576K
Event: 5.863 GC heap after
Heap after GC invocations=6 (full 0):
 PSYoungGen      total 103936K, used 6002K [0x00000000e0580000, 0x00000000e7280000, 0x0000000100000000)
  eden space 97792K, 0% used [0x00000000e0580000,0x00000000e0580000,0x00000000e6500000)
  from space 6144K, 97% used [0x00000000e6b80000,0x00000000e715ca98,0x00000000e7180000)
  to   space 6656K, 0% used [0x00000000e6500000,0x00000000e6500000,0x00000000e6b80000)
 ParOldGen       total 65536K, used 3032K [0x00000000a1000000, 0x00000000a5000000, 0x00000000e0580000)
  object space 65536K, 4% used [0x00000000a1000000,0x00000000a12f6040,0x00000000a5000000)
 Metaspace       used 17346K, capacity 18384K, committed 18560K, reserved 1064960K
  class space    used 2327K, capacity 2565K, committed 2688K, reserved 1048576K
}
Event: 6.220 GC heap before
{Heap before GC invocations=7 (full 0):
 PSYoungGen      total 103936K, used 48520K [0x00000000e0580000, 0x00000000e7280000, 0x0000000100000000)
  eden space 97792K, 43% used [0x00000000e0580000,0x00000000e2f057d8,0x00000000e6500000)
  from space 6144K, 97% used [0x00000000e6b80000,0x00000000e715ca98,0x00000000e7180000)
  to   space 6656K, 0% used [0x00000000e6500000,0x00000000e6500000,0x00000000e6b80000)
 ParOldGen       total 65536K, used 3032K [0x00000000a1000000, 0x00000000a5000000, 0x00000000e0580000)
  object space 65536K, 4% used [0x00000000a1000000,0x00000000a12f6040,0x00000000a5000000)
 Metaspace       used 20192K, capacity 21178K, committed 21296K, reserved 1067008K
  class space    used 2662K, capacity 2874K, committed 2944K, reserved 1048576K
Event: 6.234 GC heap after
Heap after GC invocations=7 (full 0):
 PSYoungGen      total 104448K, used 5367K [0x00000000e0580000, 0x00000000ed180000, 0x0000000100000000)
  eden space 97792K, 0% used [0x00000000e0580000,0x00000000e0580000,0x00000000e6500000)
  from space 6656K, 80% used [0x00000000e6500000,0x00000000e6a3dc58,0x00000000e6b80000)
  to   space 6656K, 0% used [0x00000000ecb00000,0x00000000ecb00000,0x00000000ed180000)
 ParOldGen       total 65536K, used 5440K [0x00000000a1000000, 0x00000000a5000000, 0x00000000e0580000)
  object space 65536K, 8% used [0x00000000a1000000,0x00000000a1550120,0x00000000a5000000)
 Metaspace       used 20192K, capacity 21178K, committed 21296K, reserved 1067008K
  class space    used 2662K, capacity 2874K, committed 2944K, reserved 1048576K
}
Event: 6.234 GC heap before
{Heap before GC invocations=8 (full 1):
 PSYoungGen      total 104448K, used 5367K [0x00000000e0580000, 0x00000000ed180000, 0x0000000100000000)
  eden space 97792K, 0% used [0x00000000e0580000,0x00000000e0580000,0x00000000e6500000)
  from space 6656K, 80% used [0x00000000e6500000,0x00000000e6a3dc58,0x00000000e6b80000)
  to   space 6656K, 0% used [0x00000000ecb00000,0x00000000ecb00000,0x00000000ed180000)
 ParOldGen       total 65536K, used 5440K [0x00000000a1000000, 0x00000000a5000000, 0x00000000e0580000)
  object space 65536K, 8% used [0x00000000a1000000,0x00000000a1550120,0x00000000a5000000)
 Metaspace       used 20192K, capacity 21178K, committed 21296K, reserved 1067008K
  class space    used 2662K, capacity 2874K, committed 2944K, reserved 1048576K
Event: 6.271 GC heap after
Heap after GC invocations=8 (full 1):
 PSYoungGen      total 104448K, used 0K [0x00000000e0580000, 0x00000000ed180000, 0x0000000100000000)
  eden space 97792K, 0% used [0x00000000e0580000,0x00000000e0580000,0x00000000e6500000)
  from space 6656K, 0% used [0x00000000e6500000,0x00000000e6500000,0x00000000e6b80000)
  to   space 6656K, 0% used [0x00000000ecb00000,0x00000000ecb00000,0x00000000ed180000)
 ParOldGen       total 40960K, used 7765K [0x00000000a1000000, 0x00000000a3800000, 0x00000000e0580000)
  object space 40960K, 18% used [0x00000000a1000000,0x00000000a1795418,0x00000000a3800000)
 Metaspace       used 20192K, capacity 21178K, committed 21296K, reserved 1067008K
  class space    used 2662K, capacity 2874K, committed 2944K, reserved 1048576K
}

