# JRE version: Java(TM) SE Runtime Environment (8.0_144-b01) (build 1.8.0_144-b01)
# Java VM: Java HotSpot(TM) 64-Bit Server VM (25.144-b01 mixed mode windows-amd64 compressed oops)
Heap:
 PSYoungGen      total 148480K, used 111579K [0x00000000e0580000, 0x00000000e9f00000, 0x0000000100000000)
  eden space 142848K, 74% used [0x00000000e0580000,0x00000000e6ded078,0x00000000e9100000)
  from space 5632K, 82% used [0x00000000e9980000,0x00000000e9e09eb0,0x00000000e9f00000)
  to   space 7168K, 0% used [0x00000000e9100000,0x00000000e9100000,0x00000000e9800000)
 ParOldGen       total 69120K, used 19264K [0x00000000a1000000, 0x00000000a5380000, 0x00000000e0580000)
  object space 69120K, 27% used [0x00000000a1000000,0x00000000a22d0320,0x00000000a5380000)
 Metaspace       used 45103K, capacity 47420K, committed 47616K, reserved 1089536K
  class space    used 6177K, capacity 6569K, committed 6656K, reserved 1048576K
GC Heap History (10 events):
Event: 13.950 GC heap before
{Heap before GC invocations=14 (full 1):
 PSYoungGen      total 92672K, used 90717K [0x00000000e0580000, 0x00000000e7080000, 0x0000000100000000)
  eden space 86528K, 100% used [0x00000000e0580000,0x00000000e5a00000,0x00000000e5a00000)
  from space 6144K, 68% used [0x00000000e6000000,0x00000000e64177e8,0x00000000e6600000)
  to   space 6144K, 0% used [0x00000000e5a00000,0x00000000e5a00000,0x00000000e6000000)
 ParOldGen       total 44032K, used 10788K [0x00000000a1000000, 0x00000000a3b00000, 0x00000000e0580000)
  object space 44032K, 24% used [0x00000000a1000000,0x00000000a1a89380,0x00000000a3b00000)
 Metaspace       used 31482K, capacity 33150K, committed 33280K, reserved 1077248K
  class space    used 4167K, capacity 4490K, committed 4608K, reserved 1048576K
Event: 13.959 GC heap after
Heap after GC invocations=14 (full 1):
 PSYoungGen      total 92672K, used 2439K [0x00000000e0580000, 0x00000000e7f80000, 0x0000000100000000)
  eden space 86528K, 0% used [0x00000000e0580000,0x00000000e0580000,0x00000000e5a00000)
  from space 6144K, 39% used [0x00000000e5a00000,0x00000000e5c61d98,0x00000000e6000000)
  to   space 6144K, 0% used [0x00000000e7980000,0x00000000e7980000,0x00000000e7f80000)
 ParOldGen       total 44032K, used 12804K [0x00000000a1000000, 0x00000000a3b00000, 0x00000000e0580000)
  object space 44032K, 29% used [0x00000000a1000000,0x00000000a1c81380,0x00000000a3b00000)
 Metaspace       used 31482K, capacity 33150K, committed 33280K, reserved 1077248K
  class space    used 4167K, capacity 4490K, committed 4608K, reserved 1048576K
}
Event: 15.389 GC heap before
{Heap before GC invocations=15 (full 1):
 PSYoungGen      total 92672K, used 75752K [0x00000000e0580000, 0x00000000e7f80000, 0x0000000100000000)
  eden space 86528K, 84% used [0x00000000e0580000,0x00000000e4d18488,0x00000000e5a00000)
  from space 6144K, 39% used [0x00000000e5a00000,0x00000000e5c61d98,0x00000000e6000000)
  to   space 6144K, 0% used [0x00000000e7980000,0x00000000e7980000,0x00000000e7f80000)
 ParOldGen       total 44032K, used 12804K [0x00000000a1000000, 0x00000000a3b00000, 0x00000000e0580000)
  object space 44032K, 29% used [0x00000000a1000000,0x00000000a1c81380,0x00000000a3b00000)
 Metaspace       used 33570K, capacity 35386K, committed 35496K, reserved 1079296K
  class space    used 4428K, capacity 4782K, committed 4864K, reserved 1048576K
Event: 15.401 GC heap after
Heap after GC invocations=15 (full 1):
 PSYoungGen      total 117760K, used 3998K [0x00000000e0580000, 0x00000000e7f00000, 0x0000000100000000)
  eden space 112128K, 0% used [0x00000000e0580000,0x00000000e0580000,0x00000000e7300000)
  from space 5632K, 70% used [0x00000000e7980000,0x00000000e7d679e0,0x00000000e7f00000)
  to   space 6144K, 0% used [0x00000000e7300000,0x00000000e7300000,0x00000000e7900000)
 ParOldGen       total 44032K, used 14167K [0x00000000a1000000, 0x00000000a3b00000, 0x00000000e0580000)
  object space 44032K, 32% used [0x00000000a1000000,0x00000000a1dd5c38,0x00000000a3b00000)
 Metaspace       used 33570K, capacity 35386K, committed 35496K, reserved 1079296K
  class space    used 4428K, capacity 4782K, committed 4864K, reserved 1048576K
}
Event: 15.401 GC heap before
{Heap before GC invocations=16 (full 2):
 PSYoungGen      total 117760K, used 3998K [0x00000000e0580000, 0x00000000e7f00000, 0x0000000100000000)
  eden space 112128K, 0% used [0x00000000e0580000,0x00000000e0580000,0x00000000e7300000)
  from space 5632K, 70% used [0x00000000e7980000,0x00000000e7d679e0,0x00000000e7f00000)
  to   space 6144K, 0% used [0x00000000e7300000,0x00000000e7300000,0x00000000e7900000)
 ParOldGen       total 44032K, used 14167K [0x00000000a1000000, 0x00000000a3b00000, 0x00000000e0580000)
  object space 44032K, 32% used [0x00000000a1000000,0x00000000a1dd5c38,0x00000000a3b00000)
 Metaspace       used 33570K, capacity 35386K, committed 35496K, reserved 1079296K
  class space    used 4428K, capacity 4782K, committed 4864K, reserved 1048576K
Event: 15.476 GC heap after
Heap after GC invocations=16 (full 2):
 PSYoungGen      total 117760K, used 0K [0x00000000e0580000, 0x00000000e7f00000, 0x0000000100000000)
  eden space 112128K, 0% used [0x00000000e0580000,0x00000000e0580000,0x00000000e7300000)
  from space 5632K, 0% used [0x00000000e7980000,0x00000000e7980000,0x00000000e7f00000)
  to   space 6144K, 0% used [0x00000000e7300000,0x00000000e7300000,0x00000000e7900000)
 ParOldGen       total 69120K, used 14611K [0x00000000a1000000, 0x00000000a5380000, 0x00000000e0580000)
  object space 69120K, 21% used [0x00000000a1000000,0x00000000a1e44f40,0x00000000a5380000)
 Metaspace       used 33570K, capacity 35386K, committed 35496K, reserved 1079296K
  class space    used 4428K, capacity 4782K, committed 4864K, reserved 1048576K
}
Event: 17.677 GC heap before
{Heap before GC invocations=17 (full 2):
 PSYoungGen      total 117760K, used 112128K [0x00000000e0580000, 0x00000000e7f00000, 0x0000000100000000)
  eden space 112128K, 100% used [0x00000000e0580000,0x00000000e7300000,0x00000000e7300000)
  from space 5632K, 0% used [0x00000000e7980000,0x00000000e7980000,0x00000000e7f00000)
  to   space 6144K, 0% used [0x00000000e7300000,0x00000000e7300000,0x00000000e7900000)
 ParOldGen       total 69120K, used 14611K [0x00000000a1000000, 0x00000000a5380000, 0x00000000e0580000)
  object space 69120K, 21% used [0x00000000a1000000,0x00000000a1e44f40,0x00000000a5380000)
 Metaspace       used 39126K, capacity 41078K, committed 41344K, reserved 1085440K
  class space    used 5365K, capacity 5744K, committed 5760K, reserved 1048576K
Event: 17.689 GC heap after
Heap after GC invocations=17 (full 2):
 PSYoungGen      total 118272K, used 6126K [0x00000000e0580000, 0x00000000ea080000, 0x0000000100000000)
  eden space 112128K, 0% used [0x00000000e0580000,0x00000000e0580000,0x00000000e7300000)
  from space 6144K, 99% used [0x00000000e7300000,0x00000000e78fb900,0x00000000e7900000)
  to   space 7168K, 0% used [0x00000000e9980000,0x00000000e9980000,0x00000000ea080000)
 ParOldGen       total 69120K, used 16336K [0x00000000a1000000, 0x00000000a5380000, 0x00000000e0580000)
  object space 69120K, 23% used [0x00000000a1000000,0x00000000a1ff4310,0x00000000a5380000)
 Metaspace       used 39126K, capacity 41078K, committed 41344K, reserved 1085440K
  class space    used 5365K, capacity 5744K, committed 5760K, reserved 1048576K
}
Event: 19.703 GC heap before
{Heap before GC invocations=18 (full 2):
 PSYoungGen      total 118272K, used 118254K [0x00000000e0580000, 0x00000000ea080000, 0x0000000100000000)
  eden space 112128K, 100% used [0x00000000e0580000,0x00000000e7300000,0x00000000e7300000)
  from space 6144K, 99% used [0x00000000e7300000,0x00000000e78fb900,0x00000000e7900000)
  to   space 7168K, 0% used [0x00000000e9980000,0x00000000e9980000,0x00000000ea080000)
 ParOldGen       total 69120K, used 16336K [0x00000000a1000000, 0x00000000a5380000, 0x00000000e0580000)
  object space 69120K, 23% used [0x00000000a1000000,0x00000000a1ff4310,0x00000000a5380000)
 Metaspace       used 41944K, capacity 44264K, committed 44416K, reserved 1087488K
  class space    used 5802K, capacity 6207K, committed 6272K, reserved 1048576K
Event: 19.715 GC heap after
Heap after GC invocations=18 (full 2):
 PSYoungGen      total 148480K, used 4647K [0x00000000e0580000, 0x00000000e9f00000, 0x0000000100000000)
  eden space 142848K, 0% used [0x00000000e0580000,0x00000000e0580000,0x00000000e9100000)
  from space 5632K, 82% used [0x00000000e9980000,0x00000000e9e09eb0,0x00000000e9f00000)
  to   space 7168K, 0% used [0x00000000e9100000,0x00000000e9100000,0x00000000e9800000)
 ParOldGen       total 69120K, used 19264K [0x00000000a1000000, 0x00000000a5380000, 0x00000000e0580000)
  object space 69120K, 27% used [0x00000000a1000000,0x00000000a22d0320,0x00000000a5380000)
 Metaspace       used 41944K, capacity 44264K, committed 44416K, reserved 1087488K
  class space    used 5802K, capacity 6207K, committed 6272K, reserved 1048576K
}

